0 info it worked if it ends with ok
1 verbose cli [ '/usr/bin/node',
1 verbose cli   '/usr/bin/npm',
1 verbose cli   'install',
1 verbose cli   '--save',
1 verbose cli   'wingspan-cursor' ]
2 info using npm@1.4.3
3 info using node@v0.10.26
4 verbose node symlink /usr/bin/node
5 warn package.json wingspan-cursor@0.1.0 No repository field.
6 verbose readDependencies using package.json deps
7 verbose cache add [ 'wingspan-cursor@^0.1.0', null ]
8 verbose cache add name=undefined spec="wingspan-cursor@^0.1.0" args=["wingspan-cursor@^0.1.0",null]
9 verbose parsed url { protocol: null,
9 verbose parsed url   slashes: null,
9 verbose parsed url   auth: null,
9 verbose parsed url   host: null,
9 verbose parsed url   port: null,
9 verbose parsed url   hostname: null,
9 verbose parsed url   hash: null,
9 verbose parsed url   search: null,
9 verbose parsed url   query: null,
9 verbose parsed url   pathname: 'wingspan-cursor@^0.1.0',
9 verbose parsed url   path: 'wingspan-cursor@^0.1.0',
9 verbose parsed url   href: 'wingspan-cursor@^0.1.0' }
10 verbose cache add name="wingspan-cursor" spec="^0.1.0" args=["wingspan-cursor","^0.1.0"]
11 verbose parsed url { protocol: null,
11 verbose parsed url   slashes: null,
11 verbose parsed url   auth: null,
11 verbose parsed url   host: null,
11 verbose parsed url   port: null,
11 verbose parsed url   hostname: null,
11 verbose parsed url   hash: null,
11 verbose parsed url   search: null,
11 verbose parsed url   query: null,
11 verbose parsed url   pathname: '^0.1.0',
11 verbose parsed url   path: '^0.1.0',
11 verbose parsed url   href: '^0.1.0' }
12 verbose addNamed [ 'wingspan-cursor', '^0.1.0' ]
13 verbose addNamed [ null, '>=0.1.0-0 <0.2.0-0' ]
14 silly lockFile bd3592bb-wingspan-cursor-0-1-0 wingspan-cursor@^0.1.0
15 verbose lock wingspan-cursor@^0.1.0 /home/benjamin/.npm/bd3592bb-wingspan-cursor-0-1-0.lock
16 silly addNameRange { name: 'wingspan-cursor',
16 silly addNameRange   range: '>=0.1.0-0 <0.2.0-0',
16 silly addNameRange   hasData: false }
17 verbose url raw wingspan-cursor
18 verbose url resolving [ 'https://registry.npmjs.org/', './wingspan-cursor' ]
19 verbose url resolved https://registry.npmjs.org/wingspan-cursor
20 info trying registry request attempt 1 at 16:48:30
21 http GET https://registry.npmjs.org/wingspan-cursor
22 http 404 https://registry.npmjs.org/wingspan-cursor
23 silly registry.get cb [ 404,
23 silly registry.get   { date: 'Sun, 04 May 2014 20:48:30 GMT',
23 silly registry.get     server: 'CouchDB/1.5.0 (Erlang OTP/R14B04)',
23 silly registry.get     'content-type': 'application/json',
23 silly registry.get     via: '1.1 varnish',
23 silly registry.get     'cache-control': 'max-age=0',
23 silly registry.get     'content-length': '52',
23 silly registry.get     'accept-ranges': 'bytes',
23 silly registry.get     age: '0',
23 silly registry.get     'x-served-by': 'cache-v37-ASH, cache-c32-CHI',
23 silly registry.get     'x-cache': 'MISS, MISS',
23 silly registry.get     'x-cache-hits': '0, 0',
23 silly registry.get     'x-timer': 'S1399236510.320130110,VS0,VS7,VE98,VE108',
23 silly registry.get     'keep-alive': 'timeout=10, max=50',
23 silly registry.get     connection: 'Keep-Alive' } ]
24 silly lockFile bd3592bb-wingspan-cursor-0-1-0 wingspan-cursor@^0.1.0
25 silly lockFile bd3592bb-wingspan-cursor-0-1-0 wingspan-cursor@^0.1.0
26 error 404 'wingspan-cursor' is not in the npm registry.
26 error 404 You should bug the author to publish it
26 error 404 It was specified as a dependency of 'Battleships'
26 error 404
26 error 404 Note that you can also install from a
26 error 404 tarball, folder, or http url, or git url.
27 error System Linux 3.13.0-24-lowlatency
28 error command "/usr/bin/node" "/usr/bin/npm" "install" "--save" "wingspan-cursor"
29 error cwd /home/benjamin/Desktop/Gameee
30 error node -v v0.10.26
31 error npm -v 1.4.3
32 error code E404
33 verbose exit [ 1, true ]
